  B.cpp
LINK : error LNK2001: unresolved external symbol _XInput.lib
B.obj : error LNK2019: unresolved external symbol _fabs referenced in function _fabsf
B.obj : error LNK2019: unresolved external symbol __imp__fmaxf referenced in function "public: bool __thiscall Gamepad::Refresh(void)" (?Refresh@Gamepad@@QAE_NXZ)
B.obj : error LNK2019: unresolved external symbol _memset referenced in function "public: bool __thiscall Gamepad::CheckConnection(void)" (?CheckConnection@Gamepad@@QAE_NXZ)
B.obj : error LNK2019: unresolved external symbol _strlen referenced in function "public: static unsigned int __cdecl std::_Narrow_char_traits<char,int>::length(char const * const)" (?length@?$_Narrow_char_traits@DH@std@@SAIQBD@Z)
B.obj : error LNK2019: unresolved external symbol _XInputGetState@8 referenced in function "public: bool __thiscall Gamepad::CheckConnection(void)" (?CheckConnection@Gamepad@@QAE_NXZ)
B.obj : error LNK2019: unresolved external symbol ___CxxFrameHandler3 referenced in function __unwindfunclet$??$?6U?$char_traits@D@std@@@std@@YAAAV?$basic_ostream@DU?$char_traits@D@std@@@0@AAV10@PBD@Z$2
MSVCRTD.lib(init.obj) : error LNK2019: unresolved external symbol __CrtDbgReport referenced in function __CRT_RTC_INIT
MSVCRTD.lib(init.obj) : error LNK2019: unresolved external symbol __CrtDbgReportW referenced in function __CRT_RTC_INITW
MSVCRTD.lib(error.obj) : error LNK2019: unresolved external symbol _strcpy_s referenced in function "void __cdecl _RTC_StackFailure(void *,char const *)" (?_RTC_StackFailure@@YAXPAXPBD@Z)
MSVCRTD.lib(error.obj) : error LNK2019: unresolved external symbol _strcat_s referenced in function "void __cdecl _RTC_StackFailure(void *,char const *)" (?_RTC_StackFailure@@YAXPAXPBD@Z)
MSVCRTD.lib(error.obj) : error LNK2019: unresolved external symbol ___stdio_common_vsprintf_s referenced in function __vsprintf_s_l
MSVCRTD.lib(pdblkup.obj) : error LNK2019: unresolved external symbol __wmakepath_s referenced in function "int __cdecl GetPdbDllPathFromFilePath(wchar_t const *,wchar_t *,unsigned int)" (?GetPdbDllPathFromFilePath@@YAHPB_WPA_WI@Z)
MSVCRTD.lib(pdblkup.obj) : error LNK2019: unresolved external symbol __wsplitpath_s referenced in function "int __cdecl GetPdbDllPathFromFilePath(wchar_t const *,wchar_t *,unsigned int)" (?GetPdbDllPathFromFilePath@@YAHPB_WPA_WI@Z)
MSVCRTD.lib(pdblkup.obj) : error LNK2019: unresolved external symbol _wcscpy_s referenced in function "int __cdecl GetPdbDllPathFromFilePath(wchar_t const *,wchar_t *,unsigned int)" (?GetPdbDllPathFromFilePath@@YAHPB_WPA_WI@Z)
MSVCRTD.lib(pdblkup.obj) : error LNK2019: unresolved external symbol ___vcrt_GetModuleFileNameW referenced in function "struct HINSTANCE__ * __cdecl GetPdbDll(void)" (?GetPdbDll@@YAPAUHINSTANCE__@@XZ)
MSVCRTD.lib(pdblkup.obj) : error LNK2019: unresolved external symbol ___vcrt_GetModuleHandleW referenced in function "struct HINSTANCE__ * __cdecl GetPdbDll(void)" (?GetPdbDll@@YAPAUHINSTANCE__@@XZ)
MSVCRTD.lib(pdblkup.obj) : error LNK2019: unresolved external symbol ___vcrt_LoadLibraryExW referenced in function "struct HINSTANCE__ * __cdecl GetPdbDll(void)" (?GetPdbDll@@YAPAUHINSTANCE__@@XZ)
MSVCRTD.lib(chandler4_noexcept.obj) : error LNK2019: unresolved external symbol _terminate referenced in function __except_handler4_noexcept
MSVCRTD.lib(chandler4_noexcept.obj) : error LNK2019: unresolved external symbol ___current_exception referenced in function __except_handler4_noexcept
MSVCRTD.lib(chandler4_noexcept.obj) : error LNK2019: unresolved external symbol ___current_exception_context referenced in function __except_handler4_noexcept
MSVCRTD.lib(chandler4gs.obj) : error LNK2019: unresolved external symbol __except_handler4_common referenced in function __except_handler4
C:\Users\Dong Jun Woun\source\repos\B\Debug\B.exe : fatal error LNK1120: 22 unresolved externals
